<?xml version="1.0" encoding="UTF-8"?>
<!-- Generated by org.testng.reporters.JUnitXMLReporter -->
<testsuite ignored="0" hostname="MAVBCP3293" failures="0" tests="3" name="launch chrome" time="75.711" errors="0" timestamp="2021-10-04T12:24:13 IST">
  <testcase classname="com.selinium.Activity2" name="selectlaptop" time="3.042"/>
  <testcase classname="com.selinium.Activity2" name="selectphone" time="5.008"/>
  <testcase classname="com.selinium.Activity2" name="selectmonitor" time="4.841"/>
</testsuite> <!-- launch chrome -->
