<?xml version="1.0" encoding="UTF-8"?>
<!-- Generated by org.testng.reporters.JUnitXMLReporter -->
<testsuite ignored="0" hostname="MAVBCP3293" failures="0" tests="3" name="launch chrome" time="76.961" errors="0" timestamp="2021-10-04T11:27:03 IST">
  <testcase classname="com.selinium.Activity2" name="selectlaptop" time="2.783"/>
  <testcase classname="com.selinium.Activity2" name="selectphone" time="5.049"/>
  <testcase classname="com.selinium.Activity2" name="selectmonitor" time="5.041"/>
</testsuite> <!-- launch chrome -->
