<?xml version="1.0" encoding="UTF-8"?>
<!-- Generated by org.testng.reporters.JUnitXMLReporter -->
<testsuite ignored="0" hostname="MAVBCP3293" failures="0" tests="3" name="launch firefox" time="82.118" errors="0" timestamp="2021-10-04T12:25:35 IST">
  <testcase classname="com.selinium.Activity2" name="selectlaptop" time="3.216"/>
  <testcase classname="com.selinium.Activity2" name="selectphone" time="5.332"/>
  <testcase classname="com.selinium.Activity2" name="selectmonitor" time="4.967"/>
</testsuite> <!-- launch firefox -->
